<?xml version="1.0" encoding="UTF-8"?>
<!-- Generated by org.testng.reporters.JUnitReportReporter -->
<testsuite hostname="Luckys-MacBook-Pro.local" failures="0" tests="8" name="tests.BookApiTest" time="5.843" errors="0" timestamp="2025-09-05T17:11:05 IST" skipped="0">
  <testcase classname="tests.BookApiTest" name="createBook" time="5.281"/>
  <testcase classname="tests.BookApiTest" name="getBook" time="0.105"/>
  <testcase classname="tests.BookApiTest" name="updateBook" time="0.073"/>
  <testcase classname="tests.BookApiTest" name="deleteBook" time="0.040"/>
  <testcase classname="tests.BookApiTest" name="createBookWithoutAuth" time="0.017"/>
  <testcase classname="tests.BookApiTest" name="getNonExistingBook" time="0.020"/>
  <testcase classname="tests.BookApiTest" name="createBookWithMissingFields" time="0.029"/>
  <testcase classname="tests.BookApiTest" name="loginWithWrongPassword" time="0.278"/>
</testsuite> <!-- tests.BookApiTest -->
